16:02:24 **** Clean-only build of configuration Debug for project 1.20 ewsz ****
rm -rf src/zfc.o 1.20 ewsz.exe src/1.20 ewsz.o src/zfc.d src/1.20 ewsz.d 
Cannot run program "rm": Launching failed

Error: Program "rm" not found in PATH
PATH=[D:\workproject\MinGW\bin;\bin;D:/workproject/java/1.7/jdk/bin/../jre/bin/client;D:/workproject/java/1.7/jdk/bin/../jre/bin;D:/workproject/java/1.7/jdk/bin/../jre/lib/i386;D:\workproject\java\1.7\jdk\bin;C:\Windows\system32;C:\Windows;C:\Windows\System32\Wbem;C:\Windows\System32\WindowsPowerShell\v1.0\;D:\workproject\eclipse]

16:02:25 **** Clean-only build of configuration Debug for project 1.20 ewsz ****
16:02:26 **** Rebuild of configuration Debug for project 1.20 ewsz ****
Info: Internal Builder is used for build
gcc -O0 -g3 -Wall -c -fmessage-length=0 -o "src\\1.20 ewsz.o" "..\\src\\1.20 ewsz.c" 
..\src\1.20 ewsz.c: In function 'mainA':
..\src\1.20 ewsz.c:37:2: warning: missing braces around initializer [-Wmissing-braces]
..\src\1.20 ewsz.c:37:2: warning: (near initialization for 'a[0]') [-Wmissing-braces]
..\src\1.20 ewsz.c:36:6: warning: unused variable 'sum' [-Wunused-variable]
gcc -O0 -g3 -Wall -c -fmessage-length=0 -o "src\\zfc.o" "..\\src\\zfc.c" 
..\src\zfc.c:11:6: warning: return type of 'main' is not 'int' [-Wmain]
gcc -o "1.20 ewsz.exe" "src\\zfc.o" "src\\1.20 ewsz.o" 
16:02:44 **** Incremental Build of configuration Debug for project 1.20 ewsz ****
Info: Internal Builder is used for build
gcc -O0 -g3 -Wall -c -fmessage-length=0 -o "src\\zfc.o" "..\\src\\zfc.c" 
..\src\zfc.c:11:6: warning: return type of 'main' is not 'int' [-Wmain]
gcc -o "1.20 ewsz.exe" "src\\zfc.o" "src\\1.20 ewsz.o" 
